[0.099s] [34mcolcon[0m [1;30mDEBUG[0m [32mCommand line arguments: ['/usr/bin/colcon', 'build'][0m
[0.099s] [34mcolcon[0m [1;30mDEBUG[0m [32mParsed command line arguments: Namespace(log_base=None, log_level=None, verb_name='build', build_base='build', install_base='install', merge_install=False, symlink_install=False, test_result_base=None, continue_on_error=False, executor='parallel', parallel_workers=20, event_handlers=None, ignore_user_meta=False, metas=['./colcon.meta'], base_paths=['.'], packages_ignore=None, packages_ignore_regex=None, paths=None, packages_up_to=None, packages_up_to_regex=None, packages_above=None, packages_above_and_dependencies=None, packages_above_depth=None, packages_select_by_dep=None, packages_skip_by_dep=None, packages_skip_up_to=None, packages_select_build_failed=False, packages_skip_build_finished=False, packages_select_test_failures=False, packages_skip_test_passed=False, packages_select=None, packages_skip=None, packages_select_regex=None, packages_skip_regex=None, packages_start=None, packages_end=None, allow_overriding=[], cmake_args=None, cmake_target=None, cmake_target_skip_unavailable=False, cmake_clean_cache=False, cmake_clean_first=False, cmake_force_configure=False, ament_cmake_args=None, catkin_cmake_args=None, catkin_skip_building_tests=False, mixin_files=None, mixin=None, verb_parser=<colcon_mixin.mixin.mixin_argument.MixinArgumentDecorator object at 0x73865cc99120>, verb_extension=<colcon_core.verb.build.BuildVerb object at 0x73865cd9a0b0>, main=<bound method BuildVerb.main of <colcon_core.verb.build.BuildVerb object at 0x73865cd9a0b0>>, mixin_verb=('build',))[0m
[0.129s] [34mcolcon.colcon_core.package_discovery[0m [1;30mLevel 1[0m discover_packages(colcon_meta) check parameters
[0.129s] [34mcolcon.colcon_core.package_discovery[0m [1;30mLevel 1[0m discover_packages(recursive) check parameters
[0.129s] [34mcolcon.colcon_core.package_discovery[0m [1;30mLevel 1[0m discover_packages(ignore) check parameters
[0.129s] [34mcolcon.colcon_core.package_discovery[0m [1;30mLevel 1[0m discover_packages(path) check parameters
[0.129s] [34mcolcon.colcon_core.package_discovery[0m [1;30mLevel 1[0m discover_packages(colcon_meta) discover
[0.129s] [34mcolcon.colcon_core.package_discovery[0m [1;30mLevel 1[0m discover_packages(recursive) discover
[0.129s] [34mcolcon.colcon_core.package_discovery[0m [1;30mINFO[0m Crawling recursively for packages in '/home/michael/github/serow/ros2'
[0.129s] [34mcolcon.colcon_core.package_identification[0m [1;30mLevel 1[0m _identify(.) by extensions ['ignore', 'ignore_ament_install']
[0.130s] [34mcolcon.colcon_core.package_identification[0m [1;30mLevel 1[0m _identify(.) by extension 'ignore'
[0.130s] [34mcolcon.colcon_core.package_identification[0m [1;30mLevel 1[0m _identify(.) by extension 'ignore_ament_install'
[0.130s] [34mcolcon.colcon_core.package_identification[0m [1;30mLevel 1[0m _identify(.) by extensions ['colcon_pkg']
[0.130s] [34mcolcon.colcon_core.package_identification[0m [1;30mLevel 1[0m _identify(.) by extension 'colcon_pkg'
[0.130s] [34mcolcon.colcon_core.package_identification[0m [1;30mLevel 1[0m _identify(.) by extensions ['colcon_meta']
[0.130s] [34mcolcon.colcon_core.package_identification[0m [1;30mLevel 1[0m _identify(.) by extension 'colcon_meta'
[0.130s] [34mcolcon.colcon_core.package_identification[0m [1;30mLevel 1[0m _identify(.) by extensions ['ros']
[0.130s] [34mcolcon.colcon_core.package_identification[0m [1;30mLevel 1[0m _identify(.) by extension 'ros'
[0.142s] [34mcolcon.colcon_core.package_identification[0m [1;30mLevel 1[0m _identify(.) by extensions ['cmake', 'python']
[0.142s] [34mcolcon.colcon_core.package_identification[0m [1;30mLevel 1[0m _identify(.) by extension 'cmake'
[0.142s] [34mcolcon.colcon_core.package_identification[0m [1;30mLevel 1[0m _identify(.) by extension 'python'
[0.142s] [34mcolcon.colcon_core.package_identification[0m [1;30mLevel 1[0m _identify(.) by extensions ['python_setup_py']
[0.142s] [34mcolcon.colcon_core.package_identification[0m [1;30mLevel 1[0m _identify(.) by extension 'python_setup_py'
[0.142s] [34mcolcon.colcon_core.package_identification[0m [1;30mLevel 1[0m _identify(build) by extensions ['ignore', 'ignore_ament_install']
[0.142s] [34mcolcon.colcon_core.package_identification[0m [1;30mLevel 1[0m _identify(build) by extension 'ignore'
[0.142s] [34mcolcon.colcon_core.package_identification[0m [1;30mLevel 1[0m _identify(build) ignored
[0.142s] [34mcolcon.colcon_core.package_identification[0m [1;30mLevel 1[0m _identify(install) by extensions ['ignore', 'ignore_ament_install']
[0.142s] [34mcolcon.colcon_core.package_identification[0m [1;30mLevel 1[0m _identify(install) by extension 'ignore'
[0.142s] [34mcolcon.colcon_core.package_identification[0m [1;30mLevel 1[0m _identify(install) ignored
[0.142s] [34mcolcon.colcon_core.package_identification[0m [1;30mLevel 1[0m _identify(log) by extensions ['ignore', 'ignore_ament_install']
[0.143s] [34mcolcon.colcon_core.package_identification[0m [1;30mLevel 1[0m _identify(log) by extension 'ignore'
[0.143s] [34mcolcon.colcon_core.package_identification[0m [1;30mLevel 1[0m _identify(log) ignored
[0.143s] [34mcolcon.colcon_core.package_identification[0m [1;30mLevel 1[0m _identify(src) by extensions ['ignore', 'ignore_ament_install']
[0.143s] [34mcolcon.colcon_core.package_identification[0m [1;30mLevel 1[0m _identify(src) by extension 'ignore'
[0.143s] [34mcolcon.colcon_core.package_identification[0m [1;30mLevel 1[0m _identify(src) by extension 'ignore_ament_install'
[0.143s] [34mcolcon.colcon_core.package_identification[0m [1;30mLevel 1[0m _identify(src) by extensions ['colcon_pkg']
[0.143s] [34mcolcon.colcon_core.package_identification[0m [1;30mLevel 1[0m _identify(src) by extension 'colcon_pkg'
[0.143s] [34mcolcon.colcon_core.package_identification[0m [1;30mLevel 1[0m _identify(src) by extensions ['colcon_meta']
[0.143s] [34mcolcon.colcon_core.package_identification[0m [1;30mLevel 1[0m _identify(src) by extension 'colcon_meta'
[0.143s] [34mcolcon.colcon_core.package_identification[0m [1;30mLevel 1[0m _identify(src) by extensions ['ros']
[0.143s] [34mcolcon.colcon_core.package_identification[0m [1;30mLevel 1[0m _identify(src) by extension 'ros'
[0.143s] [34mcolcon.colcon_core.package_identification[0m [1;30mLevel 1[0m _identify(src) by extensions ['cmake', 'python']
[0.143s] [34mcolcon.colcon_core.package_identification[0m [1;30mLevel 1[0m _identify(src) by extension 'cmake'
[0.143s] [34mcolcon.colcon_core.package_identification[0m [1;30mLevel 1[0m _identify(src) by extension 'python'
[0.143s] [34mcolcon.colcon_core.package_identification[0m [1;30mLevel 1[0m _identify(src) by extensions ['python_setup_py']
[0.143s] [34mcolcon.colcon_core.package_identification[0m [1;30mLevel 1[0m _identify(src) by extension 'python_setup_py'
[0.143s] [34mcolcon.colcon_core.package_identification[0m [1;30mLevel 1[0m _identify(src/serow_ros2) by extensions ['ignore', 'ignore_ament_install']
[0.143s] [34mcolcon.colcon_core.package_identification[0m [1;30mLevel 1[0m _identify(src/serow_ros2) by extension 'ignore'
[0.143s] [34mcolcon.colcon_core.package_identification[0m [1;30mLevel 1[0m _identify(src/serow_ros2) by extension 'ignore_ament_install'
[0.143s] [34mcolcon.colcon_core.package_identification[0m [1;30mLevel 1[0m _identify(src/serow_ros2) by extensions ['colcon_pkg']
[0.143s] [34mcolcon.colcon_core.package_identification[0m [1;30mLevel 1[0m _identify(src/serow_ros2) by extension 'colcon_pkg'
[0.143s] [34mcolcon.colcon_core.package_identification[0m [1;30mLevel 1[0m _identify(src/serow_ros2) by extensions ['colcon_meta']
[0.143s] [34mcolcon.colcon_core.package_identification[0m [1;30mLevel 1[0m _identify(src/serow_ros2) by extension 'colcon_meta'
[0.143s] [34mcolcon.colcon_core.package_identification[0m [1;30mLevel 1[0m _identify(src/serow_ros2) by extensions ['ros']
[0.143s] [34mcolcon.colcon_core.package_identification[0m [1;30mLevel 1[0m _identify(src/serow_ros2) by extension 'ros'
[0.145s] [34mcolcon.colcon_core.package_identification[0m [1;30mDEBUG[0m [32mPackage 'src/serow_ros2' with type 'ros.ament_cmake' and name 'serow_ros2'[0m
[0.145s] [34mcolcon.colcon_core.package_discovery[0m [1;30mLevel 1[0m discover_packages(recursive) using defaults
[0.145s] [34mcolcon.colcon_core.package_discovery[0m [1;30mLevel 1[0m discover_packages(ignore) discover
[0.145s] [34mcolcon.colcon_core.package_discovery[0m [1;30mLevel 1[0m discover_packages(ignore) using defaults
[0.145s] [34mcolcon.colcon_core.package_discovery[0m [1;30mLevel 1[0m discover_packages(path) discover
[0.145s] [34mcolcon.colcon_core.package_discovery[0m [1;30mLevel 1[0m discover_packages(path) using defaults
[0.157s] [34mcolcon.colcon_core.package_discovery[0m [1;30mLevel 1[0m discover_packages(prefix_path) check parameters
[0.157s] [34mcolcon.colcon_core.package_discovery[0m [1;30mLevel 1[0m discover_packages(prefix_path) discover
[0.159s] [34mcolcon.colcon_installed_package_information.package_discovery[0m [1;30mDEBUG[0m [32mFound 5 installed packages in /home/michael/github/hyperdog_ws/install[0m
[0.159s] [34mcolcon.colcon_installed_package_information.package_discovery[0m [1;30mDEBUG[0m [32mFound 11 installed packages in /home/michael/github/champ_ws/install[0m
[0.160s] [34mcolcon.colcon_installed_package_information.package_discovery[0m [1;30mDEBUG[0m [32mFound 412 installed packages in /opt/ros/humble[0m
[0.161s] [34mcolcon.colcon_core.package_discovery[0m [1;30mLevel 1[0m discover_packages(prefix_path) using defaults
[0.192s] [34mcolcon.colcon_core.verb[0m [1;30mLevel 5[0m set package 'serow_ros2' build argument 'cmake_args' from command line to 'None'
[0.192s] [34mcolcon.colcon_core.verb[0m [1;30mLevel 5[0m set package 'serow_ros2' build argument 'cmake_target' from command line to 'None'
[0.192s] [34mcolcon.colcon_core.verb[0m [1;30mLevel 5[0m set package 'serow_ros2' build argument 'cmake_target_skip_unavailable' from command line to 'False'
[0.192s] [34mcolcon.colcon_core.verb[0m [1;30mLevel 5[0m set package 'serow_ros2' build argument 'cmake_clean_cache' from command line to 'False'
[0.192s] [34mcolcon.colcon_core.verb[0m [1;30mLevel 5[0m set package 'serow_ros2' build argument 'cmake_clean_first' from command line to 'False'
[0.192s] [34mcolcon.colcon_core.verb[0m [1;30mLevel 5[0m set package 'serow_ros2' build argument 'cmake_force_configure' from command line to 'False'
[0.192s] [34mcolcon.colcon_core.verb[0m [1;30mLevel 5[0m set package 'serow_ros2' build argument 'ament_cmake_args' from command line to 'None'
[0.192s] [34mcolcon.colcon_core.verb[0m [1;30mLevel 5[0m set package 'serow_ros2' build argument 'catkin_cmake_args' from command line to 'None'
[0.192s] [34mcolcon.colcon_core.verb[0m [1;30mLevel 5[0m set package 'serow_ros2' build argument 'catkin_skip_building_tests' from command line to 'False'
[0.192s] [34mcolcon.colcon_core.verb[0m [1;30mDEBUG[0m [32mBuilding package 'serow_ros2' with the following arguments: {'ament_cmake_args': None, 'build_base': '/home/michael/github/serow/ros2/build/serow_ros2', 'catkin_cmake_args': None, 'catkin_skip_building_tests': False, 'cmake_args': None, 'cmake_clean_cache': False, 'cmake_clean_first': False, 'cmake_force_configure': False, 'cmake_target': None, 'cmake_target_skip_unavailable': False, 'install_base': '/home/michael/github/serow/ros2/install/serow_ros2', 'merge_install': False, 'path': '/home/michael/github/serow/ros2/src/serow_ros2', 'symlink_install': False, 'test_result_base': None}[0m
[0.193s] [34mcolcon.colcon_core.executor[0m [1;30mINFO[0m Executing jobs using 'parallel' executor
[0.193s] [34mcolcon.colcon_parallel_executor.executor.parallel[0m [1;30mDEBUG[0m [32mrun_until_complete[0m
[0.193s] [34mcolcon.colcon_ros.task.ament_cmake.build[0m [1;30mINFO[0m Building ROS package in '/home/michael/github/serow/ros2/src/serow_ros2' with build type 'ament_cmake'
[0.193s] [34mcolcon.colcon_cmake.task.cmake.build[0m [1;30mINFO[0m Building CMake package in '/home/michael/github/serow/ros2/src/serow_ros2'
[0.196s] [34mcolcon.colcon_core.plugin_system[0m [1;30mINFO[0m Skipping extension 'colcon_core.shell.bat': Not used on non-Windows systems
[0.196s] [34mcolcon.colcon_core.shell[0m [1;30mINFO[0m Skip shell extension 'powershell' for command environment: Not usable outside of PowerShell
[0.196s] [34mcolcon.colcon_core.shell[0m [1;30mDEBUG[0m [32mSkip shell extension 'dsv' for command environment[0m
[0.204s] [34mcolcon.colcon_core.event_handler.log_command[0m [1;30mDEBUG[0m [32mInvoking command in '/home/michael/github/serow/ros2/build/serow_ros2': CMAKE_PREFIX_PATH=/home/michael/github/champ_ws/install/go1_description:/home/michael/github/hyperdog_ws/install/hyperdog_ctrl:/home/michael/github/hyperdog_ws/install/hyperdog_launch:/opt/ros/humble:/home/michael/github/champ_ws/install/go1_config:/home/michael/github/champ_ws/install/champ_teleop:/home/michael/github/champ_ws/install/champ_navigation:/home/michael/github/champ_ws/install/champ_gazebo:/home/michael/github/champ_ws/install/champ_bringup:/home/michael/github/champ_ws/install/champ_base:/home/michael/github/champ_ws/install/champ_msgs:/home/michael/github/champ_ws/install/champ_description:/home/michael/github/champ_ws/install/champ_config:/home/michael/github/champ_ws/install/champ:/home/michael/github/hyperdog_ws/install/hyperdog_teleop:/home/michael/github/hyperdog_ws/install/hyperdog_gazebo_sim:/home/michael/github/hyperdog_ws/install/hyperdog_msgs:/opt/openrobots: /usr/bin/cmake /home/michael/github/serow/ros2/src/serow_ros2 -DCMAKE_INSTALL_PREFIX=/home/michael/github/serow/ros2/install/serow_ros2[0m
[1.468s] [34mcolcon.colcon_core.event_handler.log_command[0m [1;30mDEBUG[0m [32mInvoked command in '/home/michael/github/serow/ros2/build/serow_ros2' returned '0': CMAKE_PREFIX_PATH=/home/michael/github/champ_ws/install/go1_description:/home/michael/github/hyperdog_ws/install/hyperdog_ctrl:/home/michael/github/hyperdog_ws/install/hyperdog_launch:/opt/ros/humble:/home/michael/github/champ_ws/install/go1_config:/home/michael/github/champ_ws/install/champ_teleop:/home/michael/github/champ_ws/install/champ_navigation:/home/michael/github/champ_ws/install/champ_gazebo:/home/michael/github/champ_ws/install/champ_bringup:/home/michael/github/champ_ws/install/champ_base:/home/michael/github/champ_ws/install/champ_msgs:/home/michael/github/champ_ws/install/champ_description:/home/michael/github/champ_ws/install/champ_config:/home/michael/github/champ_ws/install/champ:/home/michael/github/hyperdog_ws/install/hyperdog_teleop:/home/michael/github/hyperdog_ws/install/hyperdog_gazebo_sim:/home/michael/github/hyperdog_ws/install/hyperdog_msgs:/opt/openrobots: /usr/bin/cmake /home/michael/github/serow/ros2/src/serow_ros2 -DCMAKE_INSTALL_PREFIX=/home/michael/github/serow/ros2/install/serow_ros2[0m
[1.469s] [34mcolcon.colcon_core.event_handler.log_command[0m [1;30mDEBUG[0m [32mInvoking command in '/home/michael/github/serow/ros2/build/serow_ros2': CMAKE_PREFIX_PATH=/home/michael/github/champ_ws/install/go1_description:/home/michael/github/hyperdog_ws/install/hyperdog_ctrl:/home/michael/github/hyperdog_ws/install/hyperdog_launch:/opt/ros/humble:/home/michael/github/champ_ws/install/go1_config:/home/michael/github/champ_ws/install/champ_teleop:/home/michael/github/champ_ws/install/champ_navigation:/home/michael/github/champ_ws/install/champ_gazebo:/home/michael/github/champ_ws/install/champ_bringup:/home/michael/github/champ_ws/install/champ_base:/home/michael/github/champ_ws/install/champ_msgs:/home/michael/github/champ_ws/install/champ_description:/home/michael/github/champ_ws/install/champ_config:/home/michael/github/champ_ws/install/champ:/home/michael/github/hyperdog_ws/install/hyperdog_teleop:/home/michael/github/hyperdog_ws/install/hyperdog_gazebo_sim:/home/michael/github/hyperdog_ws/install/hyperdog_msgs:/opt/openrobots: /usr/bin/cmake --build /home/michael/github/serow/ros2/build/serow_ros2 -- -j20 -l20[0m
[17.837s] [34mcolcon.colcon_core.event_handler.log_command[0m [1;30mDEBUG[0m [32mInvoked command in '/home/michael/github/serow/ros2/build/serow_ros2' returned '0': CMAKE_PREFIX_PATH=/home/michael/github/champ_ws/install/go1_description:/home/michael/github/hyperdog_ws/install/hyperdog_ctrl:/home/michael/github/hyperdog_ws/install/hyperdog_launch:/opt/ros/humble:/home/michael/github/champ_ws/install/go1_config:/home/michael/github/champ_ws/install/champ_teleop:/home/michael/github/champ_ws/install/champ_navigation:/home/michael/github/champ_ws/install/champ_gazebo:/home/michael/github/champ_ws/install/champ_bringup:/home/michael/github/champ_ws/install/champ_base:/home/michael/github/champ_ws/install/champ_msgs:/home/michael/github/champ_ws/install/champ_description:/home/michael/github/champ_ws/install/champ_config:/home/michael/github/champ_ws/install/champ:/home/michael/github/hyperdog_ws/install/hyperdog_teleop:/home/michael/github/hyperdog_ws/install/hyperdog_gazebo_sim:/home/michael/github/hyperdog_ws/install/hyperdog_msgs:/opt/openrobots: /usr/bin/cmake --build /home/michael/github/serow/ros2/build/serow_ros2 -- -j20 -l20[0m
[17.842s] [34mcolcon.colcon_core.event_handler.log_command[0m [1;30mDEBUG[0m [32mInvoking command in '/home/michael/github/serow/ros2/build/serow_ros2': CMAKE_PREFIX_PATH=/home/michael/github/champ_ws/install/go1_description:/home/michael/github/hyperdog_ws/install/hyperdog_ctrl:/home/michael/github/hyperdog_ws/install/hyperdog_launch:/opt/ros/humble:/home/michael/github/champ_ws/install/go1_config:/home/michael/github/champ_ws/install/champ_teleop:/home/michael/github/champ_ws/install/champ_navigation:/home/michael/github/champ_ws/install/champ_gazebo:/home/michael/github/champ_ws/install/champ_bringup:/home/michael/github/champ_ws/install/champ_base:/home/michael/github/champ_ws/install/champ_msgs:/home/michael/github/champ_ws/install/champ_description:/home/michael/github/champ_ws/install/champ_config:/home/michael/github/champ_ws/install/champ:/home/michael/github/hyperdog_ws/install/hyperdog_teleop:/home/michael/github/hyperdog_ws/install/hyperdog_gazebo_sim:/home/michael/github/hyperdog_ws/install/hyperdog_msgs:/opt/openrobots: /usr/bin/cmake --install /home/michael/github/serow/ros2/build/serow_ros2[0m
[17.853s] [34mcolcon.colcon_core.environment[0m [1;30mLevel 1[0m create_environment_scripts_only(serow_ros2)
[17.853s] [34mcolcon.colcon_core.event_handler.log_command[0m [1;30mDEBUG[0m [32mInvoked command in '/home/michael/github/serow/ros2/build/serow_ros2' returned '0': CMAKE_PREFIX_PATH=/home/michael/github/champ_ws/install/go1_description:/home/michael/github/hyperdog_ws/install/hyperdog_ctrl:/home/michael/github/hyperdog_ws/install/hyperdog_launch:/opt/ros/humble:/home/michael/github/champ_ws/install/go1_config:/home/michael/github/champ_ws/install/champ_teleop:/home/michael/github/champ_ws/install/champ_navigation:/home/michael/github/champ_ws/install/champ_gazebo:/home/michael/github/champ_ws/install/champ_bringup:/home/michael/github/champ_ws/install/champ_base:/home/michael/github/champ_ws/install/champ_msgs:/home/michael/github/champ_ws/install/champ_description:/home/michael/github/champ_ws/install/champ_config:/home/michael/github/champ_ws/install/champ:/home/michael/github/hyperdog_ws/install/hyperdog_teleop:/home/michael/github/hyperdog_ws/install/hyperdog_gazebo_sim:/home/michael/github/hyperdog_ws/install/hyperdog_msgs:/opt/openrobots: /usr/bin/cmake --install /home/michael/github/serow/ros2/build/serow_ros2[0m
[17.856s] [34mcolcon.colcon_core.environment[0m [1;30mLevel 1[0m checking '/home/michael/github/serow/ros2/install/serow_ros2' for CMake module files
[17.857s] [34mcolcon.colcon_core.environment[0m [1;30mLevel 1[0m checking '/home/michael/github/serow/ros2/install/serow_ros2' for CMake config files
[17.857s] [34mcolcon.colcon_core.shell[0m [1;30mLevel 1[0m create_environment_hook('serow_ros2', 'cmake_prefix_path')
[17.857s] [34mcolcon.colcon_core.shell[0m [1;30mINFO[0m Creating environment hook '/home/michael/github/serow/ros2/install/serow_ros2/share/serow_ros2/hook/cmake_prefix_path.ps1'
[17.857s] [34mcolcon.colcon_core.shell[0m [1;30mINFO[0m Creating environment descriptor '/home/michael/github/serow/ros2/install/serow_ros2/share/serow_ros2/hook/cmake_prefix_path.dsv'
[17.858s] [34mcolcon.colcon_core.shell[0m [1;30mINFO[0m Creating environment hook '/home/michael/github/serow/ros2/install/serow_ros2/share/serow_ros2/hook/cmake_prefix_path.sh'
[17.858s] [34mcolcon.colcon_core.environment[0m [1;30mLevel 1[0m checking '/home/michael/github/serow/ros2/install/serow_ros2/lib'
[17.858s] [34mcolcon.colcon_core.environment[0m [1;30mLevel 1[0m checking '/home/michael/github/serow/ros2/install/serow_ros2/bin'
[17.858s] [34mcolcon.colcon_core.environment[0m [1;30mLevel 1[0m checking '/home/michael/github/serow/ros2/install/serow_ros2/lib/pkgconfig/serow_ros2.pc'
[17.858s] [34mcolcon.colcon_core.environment[0m [1;30mLevel 1[0m checking '/home/michael/github/serow/ros2/install/serow_ros2/lib/python3.10/site-packages'
[17.859s] [34mcolcon.colcon_core.environment[0m [1;30mLevel 1[0m checking '/home/michael/github/serow/ros2/install/serow_ros2/bin'
[17.859s] [34mcolcon.colcon_core.shell[0m [1;30mINFO[0m Creating package script '/home/michael/github/serow/ros2/install/serow_ros2/share/serow_ros2/package.ps1'
[17.859s] [34mcolcon.colcon_core.shell[0m [1;30mINFO[0m Creating package descriptor '/home/michael/github/serow/ros2/install/serow_ros2/share/serow_ros2/package.dsv'
[17.860s] [34mcolcon.colcon_core.shell[0m [1;30mINFO[0m Creating package script '/home/michael/github/serow/ros2/install/serow_ros2/share/serow_ros2/package.sh'
[17.860s] [34mcolcon.colcon_core.shell[0m [1;30mINFO[0m Creating package script '/home/michael/github/serow/ros2/install/serow_ros2/share/serow_ros2/package.bash'
[17.860s] [34mcolcon.colcon_core.shell[0m [1;30mINFO[0m Creating package script '/home/michael/github/serow/ros2/install/serow_ros2/share/serow_ros2/package.zsh'
[17.861s] [34mcolcon.colcon_core.environment[0m [1;30mLevel 1[0m create_file_with_runtime_dependencies(/home/michael/github/serow/ros2/install/serow_ros2/share/colcon-core/packages/serow_ros2)
[17.861s] [34mcolcon.colcon_core.environment[0m [1;30mLevel 1[0m create_environment_scripts_only(serow_ros2)
[17.861s] [34mcolcon.colcon_core.environment[0m [1;30mLevel 1[0m checking '/home/michael/github/serow/ros2/install/serow_ros2' for CMake module files
[17.862s] [34mcolcon.colcon_core.environment[0m [1;30mLevel 1[0m checking '/home/michael/github/serow/ros2/install/serow_ros2' for CMake config files
[17.862s] [34mcolcon.colcon_core.shell[0m [1;30mLevel 1[0m create_environment_hook('serow_ros2', 'cmake_prefix_path')
[17.862s] [34mcolcon.colcon_core.shell[0m [1;30mINFO[0m Creating environment hook '/home/michael/github/serow/ros2/install/serow_ros2/share/serow_ros2/hook/cmake_prefix_path.ps1'
[17.862s] [34mcolcon.colcon_core.shell[0m [1;30mINFO[0m Creating environment descriptor '/home/michael/github/serow/ros2/install/serow_ros2/share/serow_ros2/hook/cmake_prefix_path.dsv'
[17.862s] [34mcolcon.colcon_core.shell[0m [1;30mINFO[0m Creating environment hook '/home/michael/github/serow/ros2/install/serow_ros2/share/serow_ros2/hook/cmake_prefix_path.sh'
[17.862s] [34mcolcon.colcon_core.environment[0m [1;30mLevel 1[0m checking '/home/michael/github/serow/ros2/install/serow_ros2/lib'
[17.862s] [34mcolcon.colcon_core.environment[0m [1;30mLevel 1[0m checking '/home/michael/github/serow/ros2/install/serow_ros2/bin'
[17.863s] [34mcolcon.colcon_core.environment[0m [1;30mLevel 1[0m checking '/home/michael/github/serow/ros2/install/serow_ros2/lib/pkgconfig/serow_ros2.pc'
[17.863s] [34mcolcon.colcon_core.environment[0m [1;30mLevel 1[0m checking '/home/michael/github/serow/ros2/install/serow_ros2/lib/python3.10/site-packages'
[17.863s] [34mcolcon.colcon_core.environment[0m [1;30mLevel 1[0m checking '/home/michael/github/serow/ros2/install/serow_ros2/bin'
[17.863s] [34mcolcon.colcon_core.shell[0m [1;30mINFO[0m Creating package script '/home/michael/github/serow/ros2/install/serow_ros2/share/serow_ros2/package.ps1'
[17.863s] [34mcolcon.colcon_core.shell[0m [1;30mINFO[0m Creating package descriptor '/home/michael/github/serow/ros2/install/serow_ros2/share/serow_ros2/package.dsv'
[17.863s] [34mcolcon.colcon_core.shell[0m [1;30mINFO[0m Creating package script '/home/michael/github/serow/ros2/install/serow_ros2/share/serow_ros2/package.sh'
[17.864s] [34mcolcon.colcon_core.shell[0m [1;30mINFO[0m Creating package script '/home/michael/github/serow/ros2/install/serow_ros2/share/serow_ros2/package.bash'
[17.864s] [34mcolcon.colcon_core.shell[0m [1;30mINFO[0m Creating package script '/home/michael/github/serow/ros2/install/serow_ros2/share/serow_ros2/package.zsh'
[17.864s] [34mcolcon.colcon_core.environment[0m [1;30mLevel 1[0m create_file_with_runtime_dependencies(/home/michael/github/serow/ros2/install/serow_ros2/share/colcon-core/packages/serow_ros2)
[17.864s] [34mcolcon.colcon_parallel_executor.executor.parallel[0m [1;30mDEBUG[0m [32mclosing loop[0m
[17.864s] [34mcolcon.colcon_parallel_executor.executor.parallel[0m [1;30mDEBUG[0m [32mloop closed[0m
[17.864s] [34mcolcon.colcon_parallel_executor.executor.parallel[0m [1;30mDEBUG[0m [32mrun_until_complete finished with '0'[0m
[17.864s] [34mcolcon.colcon_core.event_reactor[0m [1;30mDEBUG[0m [32mjoining thread[0m
[17.868s] [34mcolcon.colcon_core.plugin_system[0m [1;30mINFO[0m Skipping extension 'colcon_notification.desktop_notification.terminal_notifier': Not used on non-Darwin systems
[17.868s] [34mcolcon.colcon_core.plugin_system[0m [1;30mINFO[0m Skipping extension 'colcon_notification.desktop_notification.win32': Not used on non-Windows systems
[17.868s] [34mcolcon.colcon_notification.desktop_notification[0m [1;30mINFO[0m Sending desktop notification using 'notify2'
[17.874s] [34mcolcon.colcon_core.event_reactor[0m [1;30mDEBUG[0m [32mjoined thread[0m
[17.874s] [34mcolcon.colcon_core.shell[0m [1;30mINFO[0m Creating prefix script '/home/michael/github/serow/ros2/install/local_setup.ps1'
[17.875s] [34mcolcon.colcon_core.shell[0m [1;30mINFO[0m Creating prefix util module '/home/michael/github/serow/ros2/install/_local_setup_util_ps1.py'
[17.876s] [34mcolcon.colcon_core.shell[0m [1;30mINFO[0m Creating prefix chain script '/home/michael/github/serow/ros2/install/setup.ps1'
[17.877s] [34mcolcon.colcon_core.shell[0m [1;30mINFO[0m Creating prefix script '/home/michael/github/serow/ros2/install/local_setup.sh'
[17.877s] [34mcolcon.colcon_core.shell[0m [1;30mINFO[0m Creating prefix util module '/home/michael/github/serow/ros2/install/_local_setup_util_sh.py'
[17.877s] [34mcolcon.colcon_core.shell[0m [1;30mINFO[0m Creating prefix chain script '/home/michael/github/serow/ros2/install/setup.sh'
[17.878s] [34mcolcon.colcon_core.shell[0m [1;30mINFO[0m Creating prefix script '/home/michael/github/serow/ros2/install/local_setup.bash'
[17.879s] [34mcolcon.colcon_core.shell[0m [1;30mINFO[0m Creating prefix chain script '/home/michael/github/serow/ros2/install/setup.bash'
[17.879s] [34mcolcon.colcon_core.shell[0m [1;30mINFO[0m Creating prefix script '/home/michael/github/serow/ros2/install/local_setup.zsh'
[17.880s] [34mcolcon.colcon_core.shell[0m [1;30mINFO[0m Creating prefix chain script '/home/michael/github/serow/ros2/install/setup.zsh'
