-- The C compiler identification is GNU 11.4.0
-- The CXX compiler identification is GNU 11.4.0
-- Detecting C compiler ABI info
-- Detecting C compiler ABI info - done
-- Check for working C compiler: /usr/bin/cc - skipped
-- Detecting C compile features
-- Detecting C compile features - done
-- Detecting CXX compiler ABI info
-- Detecting CXX compiler ABI info - done
-- Check for working CXX compiler: /usr/bin/c++ - skipped
-- Detecting CXX compile features
-- Detecting CXX compile features - done
-- Found ament_cmake: 1.3.10 (/opt/ros/humble/share/ament_cmake/cmake)
-- Found Python3: /usr/bin/python3 (found version "3.10.12") found components: Interpreter 
-- Found rclcpp: 16.0.10 (/opt/ros/humble/share/rclcpp/cmake)
-- Found rosidl_generator_c: 3.1.5 (/opt/ros/humble/share/rosidl_generator_c/cmake)
-- Found rosidl_adapter: 3.1.5 (/opt/ros/humble/share/rosidl_adapter/cmake)
-- Found rosidl_generator_cpp: 3.1.5 (/opt/ros/humble/share/rosidl_generator_cpp/cmake)
-- Using all available rosidl_typesupport_c: rosidl_typesupport_fastrtps_c;rosidl_typesupport_introspection_c
-- Using all available rosidl_typesupport_cpp: rosidl_typesupport_fastrtps_cpp;rosidl_typesupport_introspection_cpp
-- Found rmw_implementation_cmake: 6.1.2 (/opt/ros/humble/share/rmw_implementation_cmake/cmake)
-- Found rmw_fastrtps_cpp: 6.2.7 (/opt/ros/humble/share/rmw_fastrtps_cpp/cmake)
-- Found OpenSSL: /usr/lib/x86_64-linux-gnu/libcrypto.so (found version "3.0.2")  
-- Found FastRTPS: /opt/ros/humble/include  
-- Using RMW implementation 'rmw_fastrtps_cpp' as default
-- Looking for pthread.h
-- Looking for pthread.h - found
-- Performing Test CMAKE_HAVE_LIBC_PTHREAD
-- Performing Test CMAKE_HAVE_LIBC_PTHREAD - Success
-- Found Threads: TRUE  
-- Found geometry_msgs: 4.2.4 (/opt/ros/humble/share/geometry_msgs/cmake)
-- Found sensor_msgs: 4.2.4 (/opt/ros/humble/share/sensor_msgs/cmake)
-- pinocchio FOUND. pinocchio at /opt/openrobots/lib/libpinocchio.so
-- boost_filesystem FOUND. boost_filesystem at /usr/lib/x86_64-linux-gnu/libboost_filesystem.so
-- boost_serialization FOUND. boost_serialization at /usr/lib/x86_64-linux-gnu/libboost_serialization.so
-- boost_system FOUND. boost_system at /usr/lib/x86_64-linux-gnu/libboost_system.so
-- Found Boost: /usr/include (found version "1.74.0") found components: filesystem serialization system 
-- hpp-fcl FOUND. hpp-fcl at /opt/openrobots/lib/libhpp-fcl.so
-- Found Boost: /usr/include (found version "1.74.0") found components: chrono serialization filesystem 
-- Default C++ standard: 201703
-- Minimal C++ standard upgraded to 11
-- C++ standard sufficient: Minimal required 11, currently defined: 17
-- C++ standard sufficient: Minimal required 11, currently defined: 17
-- Found nlohmann_json: /usr/local/share/cmake/nlohmann_json/nlohmann_jsonConfig.cmake (found version "3.11.3") 
-- Configuring done
[33mCMake Warning at CMakeLists.txt:27 (add_executable):
  Cannot generate a safe runtime search path for target serow_ros2 because
  files in some directories may conflict with libraries in implicit
  directories:

    runtime library [liburdfdom_sensor.so.3.0] in /usr/lib/x86_64-linux-gnu may be hidden by files in:
      /opt/ros/humble/lib/x86_64-linux-gnu
    runtime library [liburdfdom_model_state.so.3.0] in /usr/lib/x86_64-linux-gnu may be hidden by files in:
      /opt/ros/humble/lib/x86_64-linux-gnu
    runtime library [liburdfdom_model.so.3.0] in /usr/lib/x86_64-linux-gnu may be hidden by files in:
      /opt/ros/humble/lib/x86_64-linux-gnu
    runtime library [liburdfdom_world.so.3.0] in /usr/lib/x86_64-linux-gnu may be hidden by files in:
      /opt/ros/humble/lib/x86_64-linux-gnu

  Some of these libraries may not be found correctly.

[0m
-- Generating done
-- Build files have been written to: /home/michael/github/serow/ros2/build/serow_ros2
[ 50%] [32mBuilding CXX object CMakeFiles/serow_ros2.dir/src/serow_driver.cpp.o[0m
[100%] [32m[1mLinking CXX executable serow_ros2[0m
[100%] Built target serow_ros2
-- Install configuration: ""
-- Installing: /home/michael/github/serow/ros2/install/serow_ros2/lib/serow_ros2/serow_ros2
-- Set runtime path of "/home/michael/github/serow/ros2/install/serow_ros2/lib/serow_ros2/serow_ros2" to ""
-- Installing: /home/michael/github/serow/ros2/install/serow_ros2/share/serow_ros2/config
-- Installing: /home/michael/github/serow/ros2/install/serow_ros2/share/serow_ros2/config/h1_config.yaml
-- Installing: /home/michael/github/serow/ros2/install/serow_ros2/share/serow_ros2/launch
-- Installing: /home/michael/github/serow/ros2/install/serow_ros2/share/serow_ros2/launch/h1.py
-- Installing: /home/michael/github/serow/ros2/install/serow_ros2/share/ament_index/resource_index/package_run_dependencies/serow_ros2
-- Installing: /home/michael/github/serow/ros2/install/serow_ros2/share/ament_index/resource_index/parent_prefix_path/serow_ros2
-- Installing: /home/michael/github/serow/ros2/install/serow_ros2/share/serow_ros2/environment/ament_prefix_path.sh
-- Installing: /home/michael/github/serow/ros2/install/serow_ros2/share/serow_ros2/environment/ament_prefix_path.dsv
-- Installing: /home/michael/github/serow/ros2/install/serow_ros2/share/serow_ros2/environment/path.sh
-- Installing: /home/michael/github/serow/ros2/install/serow_ros2/share/serow_ros2/environment/path.dsv
-- Installing: /home/michael/github/serow/ros2/install/serow_ros2/share/serow_ros2/local_setup.bash
-- Installing: /home/michael/github/serow/ros2/install/serow_ros2/share/serow_ros2/local_setup.sh
-- Installing: /home/michael/github/serow/ros2/install/serow_ros2/share/serow_ros2/local_setup.zsh
-- Installing: /home/michael/github/serow/ros2/install/serow_ros2/share/serow_ros2/local_setup.dsv
-- Installing: /home/michael/github/serow/ros2/install/serow_ros2/share/serow_ros2/package.dsv
-- Installing: /home/michael/github/serow/ros2/install/serow_ros2/share/ament_index/resource_index/packages/serow_ros2
-- Installing: /home/michael/github/serow/ros2/install/serow_ros2/share/serow_ros2/cmake/ament_cmake_export_dependencies-extras.cmake
-- Installing: /home/michael/github/serow/ros2/install/serow_ros2/share/serow_ros2/cmake/serow_ros2Config.cmake
-- Installing: /home/michael/github/serow/ros2/install/serow_ros2/share/serow_ros2/cmake/serow_ros2Config-version.cmake
-- Installing: /home/michael/github/serow/ros2/install/serow_ros2/share/serow_ros2/package.xml
